client/build/app/outputs/mapping/release/seeds.txt
com.stdioh.meubitcoin.MainActivity
com.stdioh.meubitcoin.MainActivity: MainActivity()
...
com.google.android.gms.measurement.internal.AppMeasurementDynamiteService: void onActivityStarted(com.google.android.gms.dynamic.IObjectWrapper,long)
com.google.firestore.v1.Target$QueryTarget: int PARENT_FIELD_NUMBER
com.google.android.gms.internal.measurement.zzej: java.lang.String zzf
com.google.firestore.v1.StructuredQuery$FieldFilter: com.google.protobuf.Parser PARSER
com.google.protobuf.Timestamp: int nanos_
io.grpc.MethodDescriptor$MethodType: io.grpc.MethodDescriptor$MethodType valueOf(java.lang.String)
com.google.firebase.firestore.proto.Target: int RESUME_TOKEN_FIELD_NUMBER
io.flutter.embedding.engine.FlutterJNI: java.lang.Long nativeShellHolderId
com.google.firestore.v1.WriteRequest: int STREAM_TOKEN_FIELD_NUMBER
com.google.firestore.v1.StructuredQuery$FieldFilter: int OP_FIELD_NUMBER
io.flutter.embedding.android.FlutterSplashView$SavedState: android.os.Bundle access$702(io.flutter.embedding.android.FlutterSplashView$SavedState,android.os.Bundle)
com.google.firestore.v1.Value: int REFERENCE_VALUE_FIELD_NUMBER
com.google.android.gms.internal.measurement.zzeq
com.google.firebase.messaging.reporting.MessagingClientEvent$SDKPlatform: com.google.firebase.messaging.reporting.MessagingClientEvent$SDKPlatform valueOf(java.lang.String)
com.google.android.gms.internal.measurement.zzfs: long zzg
com.google.firestore.v1.StructuredQuery$FieldFilter: com.google.firestore.v1.StructuredQuery$FieldFilter DEFAULT_INSTANCE
io.flutter.plugin.platform.SingleViewPresentation: int viewId
io.flutter.plugins.firebaseanalytics.FlutterFirebaseAppRegistrar
com.google.android.gms.internal.measurement.zzgt: int zze
com.google.firebase.messaging.reporting.MessagingClientEvent$MessageType: com.google.firebase.messaging.reporting.MessagingClientEvent$MessageType[] values()
io.flutter.view.AccessibilityViewEmbedder: int nextFlutterId
io.grpc.ConnectivityState: io.grpc.ConnectivityState[] values()
com.google.firestore.v1.DocumentDelete: java.lang.String document_
com.google.firebase.firestore.proto.UnknownDocument: com.google.protobuf.Parser PARSER
com.google.android.gms.measurement.internal.AppMeasurementDynamiteService: void getGmpAppId(com.google.android.gms.internal.measurement.zzcf)
io.flutter.embedding.android.FlutterView: android.view.accessibility.AccessibilityNodeProvider getAccessibilityNodeProvider()
com.google.protobuf.Any: java.lang.String typeUrl_
com.google.firestore.v1.Value: int BYTES_VALUE_FIELD_NUMBER
com.google.firestore.v1.WriteResponse: com.google.firestore.v1.WriteResponse DEFAULT_INSTANCE
com.google.android.gms.internal.measurement.zzfc: long zze
com.google.android.gms.measurement.AppMeasurement: int getMaxUserProperties(java.lang.String)
io.flutter.plugins.firebase.core.FlutterFirebasePlugin: com.google.android.gms.tasks.Task didReinitializeFirebaseCore()
com.google.android.gms.internal.measurement.zzgf: int zza
com.google.firebase.firestore.proto.WriteBatch: com.google.protobuf.Internal$ProtobufList baseWrites_
com.google.android.gms.internal.measurement.zzfw: java.lang.String zzR
com.google.firestore.v1.TargetChange: int targetIdsMemoizedSerializedSize
com.google.firestore.v1.WriteResult: com.google.protobuf.Parser PARSER
io.flutter.plugin.editing.ImeSyncDeferringInsetsCallback$AnimationCallback: android.view.WindowInsets onProgress(android.view.WindowInsets,java.util.List)
com.google.firestore.v1.DocumentChange: com.google.protobuf.Parser PARSER
io.flutter.embedding.engine.FlutterJNI: void nativeDispatchEmptyPlatformMessage(long,java.lang.String,int)
com.google.firestore.v1.BatchGetDocumentsRequest: int consistencySelectorCase_
io.flutter.embedding.engine.FlutterOverlaySurface: android.view.Surface surface
com.google.android.gms.internal.measurement.zzgf: com.google.android.gms.internal.measurement.zzgf zzg
com.google.android.gms.internal.measurement.zzcb: zzcb()
com.google.android.gms.internal.measurement.zzfw: java.lang.String zzH
com.google.android.gms.internal.measurement.zzfw: int zzI