client/build/app/outputs/mapping/release/mapping.txt
# compiler: R8
# compiler_version: 2.1.62
# min_api: 16
# pg_map_id: b393fba
# common_typos_disable
...
androidx.fragment.app.Fragment -> androidx.fragment.app.Fragment:
    boolean mFromLayout -> m
    androidx.fragment.app.Fragment mTarget -> g
    boolean mIsCreated -> P
    boolean mIsNewlyAdded -> L
    boolean mHidden -> y
    java.lang.String mWho -> e
    boolean mHasMenu -> C
    float mPostponedAlpha -> N
    int mBackStackNesting -> q
    boolean mHiddenChanged -> M
    boolean mInLayout -> n
    boolean mDeferStart -> I
    android.os.Bundle mSavedFragmentState -> b
    int mTargetRequestCode -> i
    java.lang.Boolean mIsPrimaryNavigationFragment -> j
    android.os.Bundle mArguments -> f
    androidx.fragment.app.Fragment$AnimationInfo mAnimationInfo -> K
    int mState -> a
    androidx.fragment.app.FragmentManagerImpl mFragmentManager -> r
    android.util.SparseArray mSavedViewState -> c
    android.view.ViewGroup mContainer -> F
    boolean mDetached -> z
    androidx.fragment.app.FragmentViewLifecycleOwner mViewLifecycleOwner -> S
    int mFragmentId -> v
    boolean mMenuVisible -> D
    boolean mRestored -> o
    java.lang.String mTargetWho -> h
    boolean mUserVisibleHint -> J
    boolean mAdded -> k
    android.view.LayoutInflater mLayoutInflater -> O
    androidx.fragment.app.Fragment mParentFragment -> u
    android.view.View mInnerView -> H
    java.lang.String mTag -> x
    boolean mCalled -> E
    int mContentLayoutId -> V
    int mContainerId -> w
    boolean mRetainInstance -> A
    androidx.lifecycle.LifecycleRegistry mLifecycleRegistry -> R
androidx.fragment.app.Fragment$2 -> androidx.fragment.app.Fragment$2:
    androidx.fragment.app.Fragment this$0 -> a
    void onStateChanged(androidx.lifecycle.LifecycleOwner,androidx.lifecycle.Lifecycle$Event) -> d
androidx.fragment.app.Fragment$3 -> androidx.fragment.app.Fragment$a:
    androidx.fragment.app.Fragment this$0 -> j
androidx.fragment.app.Fragment$4 -> androidx.fragment.app.Fragment$b:
    androidx.fragment.app.Fragment this$0 -> a
    android.view.View onFindViewById(int) -> d
    boolean onHasView() -> e
androidx.fragment.app.Fragment$AnimationInfo -> androidx.fragment.app.Fragment$c:
    java.lang.Object mReenterTransition -> j
    java.lang.Object mSharedElementEnterTransition -> k
    java.lang.Object mReturnTransition -> h
    java.lang.Object mExitTransition -> i
    androidx.core.app.SharedElementCallback mEnterTransitionCallback -> o
    java.lang.Object mEnterTransition -> g
    androidx.core.app.SharedElementCallback mExitTransitionCallback -> p
    int mNextTransitionStyle -> f
    int mNextAnim -> d
    java.lang.Boolean mAllowReturnTransitionOverlap -> m
    int mNextTransition -> e
    java.lang.Boolean mAllowEnterTransitionOverlap -> n
    boolean mEnterTransitionPostponed -> q
    int mStateAfterAnimating -> c
    java.lang.Object mSharedElementReturnTransition -> l
    boolean mIsHideReplaced -> s
    androidx.fragment.app.Fragment$OnStartEnterTransitionListener mStartEnterTransitionListener -> r
    android.animation.Animator mAnimator -> b
    android.view.View mAnimatingAway -> a
androidx.fragment.app.Fragment$InstantiationException -> androidx.fragment.app.Fragment$d:
androidx.fragment.app.Fragment$OnStartEnterTransitionListener -> androidx.fragment.app.Fragment$e:
    void onStartEnterTransition() -> a
    void startListening() -> b