client/build/app/outputs/mapping/release/usage.txt
com.stdioh.meubitcoin.R
com.stdioh.meubitcoin.R$string
com.stdioh.meubitcoin.R$attr
com.stdioh.meubitcoin.R$drawable
com.stdioh.meubitcoin.R$dimen
com.stdioh.meubitcoin.R$layout
com.stdioh.meubitcoin.BuildConfig
com.stdioh.meubitcoin.R$id
com.stdioh.meubitcoin.R$integer
com.stdioh.meubitcoin.R$styleable
com.stdioh.meubitcoin.R$color
com.stdioh.meubitcoin.R$style
com.stdioh.meubitcoin.R$mipmap
...
com.google.firebase.installations.interop.R$color
com.google.common.util.concurrent.ListenerCallQueue$PerListenerQueue
kotlin.coroutines.jvm.internal.ModuleNameRetriever
com.google.gson.internal.bind.TypeAdapters$4
com.google.android.gms.dynamic.SupportFragmentWrapper
com.google.common.util.concurrent.ForwardingListeningExecutorService
io.flutter.plugin.editing.InputConnectionAdaptor:
    private boolean isSamsung()
    private static int clampIndexToEditable(int,android.text.Editable)
    private static final java.lang.String TAG
com.google.rpc.context.AttributeContext$Peer$LabelsDefaultEntryHolder
com.google.common.base.Splitter$4
com.google.protobuf.DescriptorProtos$FieldOptions$JSType
com.google.protobuf.UnsafeUtil:
    static boolean isAndroid64()
    static byte getByte(java.lang.Object,long)
    static void putByte(java.lang.Object,long,byte)
    static int getInt(int[],long)
    static void putInt(int[],long,int)
    static long getLong(long[],long)
    static void putLong(long[],long,long)
    static boolean getBoolean(boolean[],long)
    static void putBoolean(boolean[],long,boolean)
    static float getFloat(float[],long)
    static void putFloat(float[],long,float)
    static double getDouble(double[],long)
    static void putDouble(double[],long,double)
    static java.lang.Object getObject(java.lang.Object[],long)
    static void putObject(java.lang.Object[],long,java.lang.Object)
    static void copyMemory(byte[],long,long,long)
    static void copyMemory(long,byte[],long,long)
    static void copyMemory(byte[],long,byte[],long,long)
    static byte getByte(long)
    static void putByte(long,byte)
    static int getInt(long)
    static void putInt(long,int)
    static long getLong(long)
    static void putLong(long,long)
    static long addressOffset(java.nio.ByteBuffer)
    static java.lang.Object getStaticObject(java.lang.reflect.Field)
    private static int firstDifferingByteIndexNativeEndian(long,long)
    static int mismatch(byte[],int,byte[],int,int)
    private static final int STRIDE
    private static final int STRIDE_ALIGNMENT_MASK
androidx.core.view.WindowInsetsCompat
com.google.firestore.v1.DocumentDeleteOrBuilder
com.google.rpc.StatusOrBuilder
com.google.gson.internal.Streams$AppendableWriter
com.google.firestore.v1.Cursor:
    private void setValues(int,com.google.firestore.v1.Value)
    private void addValues(com.google.firestore.v1.Value)
    private void addValues(int,com.google.firestore.v1.Value)
    private void clearValues()
    private void removeValues(int)
    private void clearBefore()
    public static com.google.firestore.v1.Cursor parseFrom(java.nio.ByteBuffer)
    public static com.google.firestore.v1.Cursor parseFrom(java.nio.ByteBuffer,com.google.protobuf.ExtensionRegistryLite)
    public static com.google.firestore.v1.Cursor parseFrom(com.google.protobuf.ByteString)
    public static com.google.firestore.v1.Cursor parseFrom(com.google.protobuf.ByteString,com.google.protobuf.ExtensionRegistryLite)
    public static com.google.firestore.v1.Cursor parseFrom(byte[])
    public static com.google.firestore.v1.Cursor parseFrom(byte[],com.google.protobuf.ExtensionRegistryLite)
    public static com.google.firestore.v1.Cursor parseFrom(java.io.InputStream)
    public static com.google.firestore.v1.Cursor parseFrom(java.io.InputStream,com.google.protobuf.ExtensionRegistryLite)
    public static com.google.firestore.v1.Cursor parseDelimitedFrom(java.io.InputStream)
    public static com.google.firestore.v1.Cursor parseDelimitedFrom(java.io.InputStream,com.google.protobuf.ExtensionRegistryLite)
    public static com.google.firestore.v1.Cursor parseFrom(com.google.protobuf.CodedInputStream)
androidx.core.text.TextDirectionHeuristicsCompat$TextDirectionAlgorithm
com.squareup.okhttp.internal.framed.NameValueBlockReader
com.google.protobuf.DescriptorProtos$FieldDescriptorProtoOrBuilder
kotlin.sequences.TransformingSequence$iterator$1